For process 0:
    Arrival Time: 0:
    Service Time: 22:
    Start Time: 0:
    Finish Time: 190:
    Turnaround Time: 190:
    Normalized Turnaround Time: 8.636363636363637:
    Average Response Time: 80.5:
For process 1:
    Arrival Time: 3:
    Service Time: 154:
    Start Time: 10:
    Finish Time: 216:
    Turnaround Time: 213:
    Normalized Turnaround Time: 1.3831168831168832:
    Average Response Time: 18.333333333333332:
For process 2:
    Arrival Time: 7:
    Service Time: 11:
    Start Time: 110:
    Finish Time: 230:
    Turnaround Time: 223:
    Normalized Turnaround Time: 20.272727272727273:
    Average Response Time: 50.75:
For process 3:
    Arrival Time: 11:
    Service Time: 30:
    Start Time: 113:
    Finish Time: 212:
    Turnaround Time: 201:
    Normalized Turnaround Time: 6.7:
    Average Response Time: 75.5:
For process 4:
    Arrival Time: 90:
    Service Time: 11:
    Start Time: 133:
    Finish Time: 232:
    Turnaround Time: 142:
    Normalized Turnaround Time: 12.909090909090908:
    Average Response Time: 30.5:
System Wide Statistics:
    Mean Turnaround Time: 193.8:
    Mean Normalized Turnaround Time: 9.98025974025974:
    Mean Average Response Time: 51.11666666666666:
